<?xml version="1.0" encoding="UTF-8"?>
<testng-results ignored="0" total="1" passed="1" failed="0" skipped="0">
  <reporter-output>
  </reporter-output>
  <suite started-at="2022-01-05T18:51:39 IST" name="Default suite" finished-at="2022-01-05T18:51:44 IST" duration-ms="5411">
    <groups>
    </groups>
    <test started-at="2022-01-05T18:51:39 IST" name="Default test" finished-at="2022-01-05T18:51:44 IST" duration-ms="5411">
      <class name="TC06_GET_AllNodesData">
        <test-method signature="getAllExcelValues()[pri:0, instance:TC06_GET_AllNodesData@1b6e1eff]" started-at="2022-01-05T18:51:39 IST" name="getAllExcelValues" finished-at="2022-01-05T18:51:44 IST" duration-ms="5348" status="PASS">
          <reporter-output>
          </reporter-output>
        </test-method> <!-- getAllExcelValues -->
      </class> <!-- TC06_GET_AllNodesData -->
    </test> <!-- Default test -->
  </suite> <!-- Default suite -->
</testng-results>
